Arguments: 
  /usr/local/Cellar/node/9.4.0/bin/node /usr/local/Cellar/yarn/1.3.2/libexec/bin/yarn.js

PATH: 
  /usr/local/Caskroom/google-cloud-sdk/latest/google-cloud-sdk/bin:/Users/elct9620/.phpbrew/php/php-7.2.1/bin:/Users/elct9620/.phpbrew/bin:/Users/elct9620/.rbenv/shims:/usr/local/bin:/usr/local/sbin:/usr/local/bin:/usr/bin:/bin:/usr/sbin:/sbin:/opt/X11/bin:/usr/local/share/dotnet:/Library/Frameworks/Mono.framework/Versions/Current/Commands:/Applications/Xamarin:Workbooks.app/Contents/SharedSupport/path-bin:/usr/local/Caskroom/google-cloud-sdk/latest/google-cloud-sdk/bin:/Users/elct9620/.rbenv/shims:/usr/local/sbin:/Applications/Xamarin:Workbooks.app/Contents/SharedSupport/path-bin:/Users/elct9620/Workspace/Golang/bin:/usr/local/opt/go/libexec/bin:/Users/elct9620/Workspace/SDKs/android-sdk-macosx/tools:/Users/elct9620/Workspace/SDKs/android-sdk-macosx/platform-tools:/Users/elct9620/Workspace/SDKs/android-ndk-r10c:/Users/elct9620/.composer/vendor/bin:/Users/elct9620/Workspace/Golang/bin:/usr/local/opt/go/libexec/bin:/usr/local/bin:/Users/elct9620/Workspace/SDKs/android-sdk-macosx/tools:/Users/elct9620/Workspace/SDKs/android-sdk-macosx/platform-tools:/Users/elct9620/Workspace/SDKs/android-ndk-r10c:/Users/elct9620/.composer/vendor/bin

Yarn version: 
  1.3.2

Node version: 
  9.4.0

Platform: 
  darwin x64

npm manifest: 
  {
    "devDependencies": {
      "babel-core": "^6.26.0",
      "babel-loader": "^7.1.2",
      "babel-plugin-transform-runtime": "^6.23.0",
      "babel-preset-es2015": "^6.24.1",
      "babel-preset-stage-2": "^6.24.1",
      "css-loader": "^0.28.9",
      "eslint": "^4.17.0",
      "eslint-config-airbnb-base": "^12.1.0",
      "eslint-loader": "^1.9.0",
      "eslint-plugin-import": "^2.8.0",
      "eslint-plugin-vue": "^4.2.2",
      "json-loader": "^0.5.7",
      "vue-loader": "^14.1.1",
      "vue-template-compiler": "^2.5.13",
      "webpack": "^3.10.0",
      "webpack-dev-server": "^2.11.1",
      "yaml-loader": "^0.5.0"
    }
    "dependencies": {
      "vue": "^2.5.13",
      "vue-router": "^3.0.1",
      "netlify-identity-widget": "^1.4.11"
    }
  }

yarn manifest: 
  No manifest

Lockfile: 
  # THIS IS AN AUTOGENERATED FILE. DO NOT EDIT THIS FILE DIRECTLY.
  # yarn lockfile v1
  
  
  netlify-identity-widget@^1.4.11:
    version "1.4.11"
    resolved "https://registry.yarnpkg.com/netlify-identity-widget/-/netlify-identity-widget-1.4.11.tgz#27fbea5302cd1a360547570ddc855fd0cb528e5a"

Trace: 
  SyntaxError: /Users/elct9620/Desktop/netlify-gateway/package.json: Unexpected string in JSON at position 607
      at JSON.parse (<anonymous>)
      at /usr/local/Cellar/yarn/1.3.2/libexec/lib/cli.js:770:59
      at Generator.next (<anonymous>)
      at step (/usr/local/Cellar/yarn/1.3.2/libexec/lib/cli.js:92:30)
      at /usr/local/Cellar/yarn/1.3.2/libexec/lib/cli.js:103:13
      at <anonymous>
